2020-03-09 16:19:05 [scrapy.utils.log] INFO: Scrapy 2.0.0 started (bot: scrapy_app)
2020-03-09 16:19:05 [scrapy.utils.log] INFO: Versions: lxml 4.5.0.0, libxml2 2.9.5, cssselect 1.1.0, parsel 1.5.2, w3lib 1.21.0, Twisted 19.10.0, Python 3.6.8 (tags/v3.6.8:3c6b436a57, Dec 24 2018, 00:16:47) [MSC v.1916 64 bit (AMD64)], pyOpenSSL 19.1.0 (OpenSSL 1.1.1d  10 Sep 2019), cryptography 2.8, Platform Windows-10-10.0.18362-SP0
2020-03-09 16:19:05 [scrapy.utils.log] DEBUG: Using reactor: twisted.internet.selectreactor.SelectReactor
2020-03-09 16:19:05 [scrapy.crawler] INFO: Overridden settings:
{'BOT_NAME': 'scrapy_app',
 'LOG_FILE': 'logs\\default\\icrawler\\97dc668061f311eaa51f54ee756dda5b.log',
 'NEWSPIDER_MODULE': 'scrapy_app.spiders',
 'ROBOTSTXT_OBEY': True,
 'SPIDER_MODULES': ['scrapy_app.spiders'],
 'USER_AGENT': 'Mozilla/5.0 (compatible; Googlebot/2.1; '
               '+http://www.google.com/bot.html)'}
2020-03-09 16:19:05 [scrapy.extensions.telnet] INFO: Telnet Password: ea8f43c287bd8d7f
2020-03-09 16:19:05 [scrapy.middleware] INFO: Enabled extensions:
['scrapy.extensions.corestats.CoreStats',
 'scrapy.extensions.telnet.TelnetConsole',
 'scrapy.extensions.logstats.LogStats']
2020-03-09 16:19:05 [scrapy.middleware] INFO: Enabled downloader middlewares:
['scrapy.downloadermiddlewares.robotstxt.RobotsTxtMiddleware',
 'scrapy.downloadermiddlewares.httpauth.HttpAuthMiddleware',
 'scrapy.downloadermiddlewares.downloadtimeout.DownloadTimeoutMiddleware',
 'scrapy.downloadermiddlewares.defaultheaders.DefaultHeadersMiddleware',
 'scrapy.downloadermiddlewares.useragent.UserAgentMiddleware',
 'scrapy.downloadermiddlewares.retry.RetryMiddleware',
 'scrapy.downloadermiddlewares.redirect.MetaRefreshMiddleware',
 'scrapy.downloadermiddlewares.httpcompression.HttpCompressionMiddleware',
 'scrapy.downloadermiddlewares.redirect.RedirectMiddleware',
 'scrapy.downloadermiddlewares.cookies.CookiesMiddleware',
 'scrapy.downloadermiddlewares.httpproxy.HttpProxyMiddleware',
 'scrapy.downloadermiddlewares.stats.DownloaderStats']
2020-03-09 16:19:05 [scrapy.middleware] INFO: Enabled spider middlewares:
['scrapy.spidermiddlewares.httperror.HttpErrorMiddleware',
 'scrapy.spidermiddlewares.offsite.OffsiteMiddleware',
 'scrapy.spidermiddlewares.referer.RefererMiddleware',
 'scrapy.spidermiddlewares.urllength.UrlLengthMiddleware',
 'scrapy.spidermiddlewares.depth.DepthMiddleware']
2020-03-09 16:19:05 [scrapy.middleware] INFO: Enabled item pipelines:
['scrapy_app.pipelines.ScrapyAppPipeline']
2020-03-09 16:19:05 [scrapy.core.engine] INFO: Spider opened
2020-03-09 16:19:05 [scrapy.extensions.logstats] INFO: Crawled 0 pages (at 0 pages/min), scraped 0 items (at 0 items/min)
2020-03-09 16:19:05 [scrapy.extensions.telnet] INFO: Telnet console listening on 127.0.0.1:6023
2020-03-09 16:19:07 [scrapy.core.engine] DEBUG: Crawled (200) <GET https://codetechniq.com/robots.txt> (referer: None)
2020-03-09 16:19:08 [scrapy.core.engine] DEBUG: Crawled (200) <GET https://codetechniq.com/> (referer: None)
2020-03-09 16:19:09 [scrapy.spidermiddlewares.offsite] DEBUG: Filtered offsite request to 'www.facebook.com': <GET https://www.facebook.com/codetechniq/>
2020-03-09 16:19:09 [scrapy.spidermiddlewares.offsite] DEBUG: Filtered offsite request to 'www.instagram.com': <GET https://www.instagram.com/codetechniq/>
2020-03-09 16:19:09 [scrapy.spidermiddlewares.offsite] DEBUG: Filtered offsite request to 'www.linkedin.com': <GET https://www.linkedin.com/company/code-techniq/>
2020-03-09 16:19:09 [scrapy.spidermiddlewares.offsite] DEBUG: Filtered offsite request to 'twitter.com': <GET https://twitter.com/codetechniq>
2020-03-09 16:19:09 [scrapy.spidermiddlewares.offsite] DEBUG: Filtered offsite request to 'www.youtube.com': <GET https://www.youtube.com/channel/UCUyvHfeTva4mze-HcRpQgBw?view_as=subscriber>
2020-03-09 16:19:12 [scrapy.core.engine] DEBUG: Crawled (200) <GET https://codetechniq.com/> (referer: https://codetechniq.com/)
2020-03-09 16:19:12 [scrapy.core.engine] DEBUG: Crawled (200) <GET https://codetechniq.com/scholarship-form/> (referer: https://codetechniq.com/)
2020-03-09 16:19:12 [scrapy.core.engine] DEBUG: Crawled (200) <GET https://codetechniq.com/onna-tech/> (referer: https://codetechniq.com/)
2020-03-09 16:19:12 [scrapy.core.engine] DEBUG: Crawled (200) <GET https://codetechniq.com/admission-form/> (referer: https://codetechniq.com/)
2020-03-09 16:19:12 [scrapy.core.scraper] DEBUG: Scraped from <200 https://codetechniq.com/>
{'url': 'https://codetechniq.com/'}
2020-03-09 16:19:12 [scrapy.core.scraper] DEBUG: Scraped from <200 https://codetechniq.com/scholarship-form/>
{'url': 'https://codetechniq.com/scholarship-form/'}
2020-03-09 16:19:12 [scrapy.core.scraper] DEBUG: Scraped from <200 https://codetechniq.com/onna-tech/>
{'url': 'https://codetechniq.com/onna-tech/'}
2020-03-09 16:19:12 [scrapy.core.scraper] DEBUG: Scraped from <200 https://codetechniq.com/admission-form/>
{'url': 'https://codetechniq.com/admission-form/'}
2020-03-09 16:19:13 [scrapy.core.engine] DEBUG: Crawled (200) <GET https://codetechniq.com/enterprises/> (referer: https://codetechniq.com/)
2020-03-09 16:19:13 [scrapy.core.engine] DEBUG: Crawled (200) <GET https://codetechniq.com/financial-assistance-form/> (referer: https://codetechniq.com/)
2020-03-09 16:19:13 [scrapy.core.scraper] DEBUG: Scraped from <200 https://codetechniq.com/enterprises/>
{'url': 'https://codetechniq.com/enterprises/'}
2020-03-09 16:19:13 [scrapy.core.scraper] DEBUG: Scraped from <200 https://codetechniq.com/financial-assistance-form/>
{'url': 'https://codetechniq.com/financial-assistance-form/'}
2020-03-09 16:19:13 [scrapy.core.engine] DEBUG: Crawled (200) <GET https://codetechniq.com/terms-of-use/> (referer: https://codetechniq.com/)
2020-03-09 16:19:13 [scrapy.core.scraper] DEBUG: Scraped from <200 https://codetechniq.com/terms-of-use/>
{'url': 'https://codetechniq.com/terms-of-use/'}
2020-03-09 16:19:14 [scrapy.core.engine] DEBUG: Crawled (200) <GET https://codetechniq.com/privacy-policy/> (referer: https://codetechniq.com/)
2020-03-09 16:19:14 [scrapy.core.engine] DEBUG: Crawled (200) <GET https://codetechniq.com/dot-net-india/> (referer: https://codetechniq.com/)
2020-03-09 16:19:14 [scrapy.core.engine] DEBUG: Crawled (200) <GET https://codetechniq.com/admission/> (referer: https://codetechniq.com/)
2020-03-09 16:19:14 [scrapy.core.engine] DEBUG: Crawled (200) <GET https://codetechniq.com/digital-marketing-india/> (referer: https://codetechniq.com/)
2020-03-09 16:19:14 [scrapy.core.scraper] DEBUG: Scraped from <200 https://codetechniq.com/privacy-policy/>
{'url': 'https://codetechniq.com/privacy-policy/'}
2020-03-09 16:19:14 [scrapy.core.scraper] DEBUG: Scraped from <200 https://codetechniq.com/dot-net-india/>
{'url': 'https://codetechniq.com/dot-net-india/'}
2020-03-09 16:19:14 [scrapy.core.scraper] DEBUG: Scraped from <200 https://codetechniq.com/admission/>
{'url': 'https://codetechniq.com/admission/'}
2020-03-09 16:19:14 [scrapy.core.scraper] DEBUG: Scraped from <200 https://codetechniq.com/digital-marketing-india/>
{'url': 'https://codetechniq.com/digital-marketing-india/'}
2020-03-09 16:19:14 [scrapy.core.engine] DEBUG: Crawled (200) <GET https://codetechniq.com/data-science-india/> (referer: https://codetechniq.com/)
2020-03-09 16:19:14 [scrapy.core.scraper] DEBUG: Scraped from <200 https://codetechniq.com/data-science-india/>
{'url': 'https://codetechniq.com/data-science-india/'}
2020-03-09 16:19:15 [scrapy.core.engine] DEBUG: Crawled (200) <GET https://codetechniq.com/python-training-india/> (referer: https://codetechniq.com/)
2020-03-09 16:19:15 [scrapy.core.engine] DEBUG: Crawled (200) <GET https://codetechniq.com/about-us/> (referer: https://codetechniq.com/)
2020-03-09 16:19:15 [scrapy.core.scraper] DEBUG: Scraped from <200 https://codetechniq.com/python-training-india/>
{'url': 'https://codetechniq.com/python-training-india/'}
2020-03-09 16:19:15 [scrapy.core.engine] DEBUG: Crawled (200) <GET https://codetechniq.com/android-training-india/> (referer: https://codetechniq.com/)
2020-03-09 16:19:15 [scrapy.core.scraper] DEBUG: Scraped from <200 https://codetechniq.com/about-us/>
{'url': 'https://codetechniq.com/about-us/'}
2020-03-09 16:19:15 [scrapy.core.engine] DEBUG: Crawled (200) <GET https://codetechniq.com/machine-learning-india/> (referer: https://codetechniq.com/)
2020-03-09 16:19:15 [scrapy.core.scraper] DEBUG: Scraped from <200 https://codetechniq.com/android-training-india/>
{'url': 'https://codetechniq.com/android-training-india/'}
2020-03-09 16:19:15 [scrapy.core.scraper] DEBUG: Scraped from <200 https://codetechniq.com/machine-learning-india/>
{'url': 'https://codetechniq.com/machine-learning-india/'}
2020-03-09 16:19:15 [scrapy.core.engine] DEBUG: Crawled (200) <GET https://codetechniq.com/ios-training-india/> (referer: https://codetechniq.com/)
2020-03-09 16:19:15 [scrapy.core.scraper] DEBUG: Scraped from <200 https://codetechniq.com/ios-training-india/>
{'url': 'https://codetechniq.com/ios-training-india/'}
2020-03-09 16:19:15 [scrapy.core.engine] DEBUG: Crawled (200) <GET https://codetechniq.com/contact-us/> (referer: https://codetechniq.com/)
2020-03-09 16:19:15 [scrapy.core.scraper] DEBUG: Scraped from <200 https://codetechniq.com/contact-us/>
{'url': 'https://codetechniq.com/contact-us/'}
2020-03-09 16:19:15 [scrapy.core.engine] INFO: Closing spider (finished)
2020-03-09 16:19:15 [scrapy.statscollectors] INFO: Dumping Scrapy stats:
{'downloader/request_bytes': 5982,
 'downloader/request_count': 20,
 'downloader/request_method_count/GET': 20,
 'downloader/response_bytes': 358267,
 'downloader/response_count': 20,
 'downloader/response_status_count/200': 20,
 'elapsed_time_seconds': 10.190116,
 'finish_reason': 'finished',
 'finish_time': datetime.datetime(2020, 3, 9, 10, 49, 15, 834538),
 'item_scraped_count': 18,
 'log_count/DEBUG': 43,
 'log_count/INFO': 10,
 'offsite/domains': 5,
 'offsite/filtered': 5,
 'request_depth_max': 1,
 'response_received_count': 20,
 'robotstxt/request_count': 1,
 'robotstxt/response_count': 1,
 'robotstxt/response_status_count/200': 1,
 'scheduler/dequeued': 19,
 'scheduler/dequeued/memory': 19,
 'scheduler/enqueued': 19,
 'scheduler/enqueued/memory': 19,
 'start_time': datetime.datetime(2020, 3, 9, 10, 49, 5, 644422)}
2020-03-09 16:19:15 [scrapy.core.engine] INFO: Spider closed (finished)
